  stdafx.cpp
  Camera.cpp
  ColourSystems.cpp
  CoordSystems.cpp
  DazzleFirework.cpp
  Firework.cpp
  ParticleSystem.cpp
\\pub.mme.dongguk.edu\home\s2019112540\Desktop\OpenGL-Fireworks-Display-master\Screensaver\Screensaver\ParticleSystem.cpp(20,17): warning C4244: '=': 'int'에서 'float'(으)로 변환하면서 데이터가 손실될 수 있습니다.
\\pub.mme.dongguk.edu\home\s2019112540\Desktop\OpenGL-Fireworks-Display-master\Screensaver\Screensaver\ParticleSystem.cpp(34,17): warning C4244: '=': 'int'에서 'float'(으)로 변환하면서 데이터가 손실될 수 있습니다.
\\pub.mme.dongguk.edu\home\s2019112540\Desktop\OpenGL-Fireworks-Display-master\Screensaver\Screensaver\ParticleSystem.cpp(119,28): warning C4244: '=': 'float'에서 'int'(으)로 변환하면서 데이터가 손실될 수 있습니다.
\\pub.mme.dongguk.edu\home\s2019112540\Desktop\OpenGL-Fireworks-Display-master\Screensaver\Screensaver\ParticleSystem.cpp(179,16): warning C4244: '초기화 중': 'double'에서 'float'(으)로 변환하면서 데이터가 손실될 수 있습니다.
\\pub.mme.dongguk.edu\home\s2019112540\Desktop\OpenGL-Fireworks-Display-master\Screensaver\Screensaver\ParticleSystem.cpp(191,10): warning C4244: '초기화 중': '__int64'에서 'int'(으)로 변환하면서 데이터가 손실될 수 있습니다.
  Screensaver.cpp
\\pub.mme.dongguk.edu\home\s2019112540\Desktop\OpenGL-Fireworks-Display-master\Screensaver\Screensaver\Screensaver.cpp(91,23): warning C4305: '초기화 중': 'double'에서 'float'(으)로 잘립니다.
\\pub.mme.dongguk.edu\home\s2019112540\Desktop\OpenGL-Fireworks-Display-master\Screensaver\Screensaver\Screensaver.cpp(162,23): warning C4244: '=': 'int'에서 'float'(으)로 변환하면서 데이터가 손실될 수 있습니다.
\\pub.mme.dongguk.edu\home\s2019112540\Desktop\OpenGL-Fireworks-Display-master\Screensaver\Screensaver\Screensaver.cpp(183,12): warning C4244: '초기화 중': '__int64'에서 'int'(으)로 변환하면서 데이터가 손실될 수 있습니다.
\\pub.mme.dongguk.edu\home\s2019112540\Desktop\OpenGL-Fireworks-Display-master\Screensaver\Screensaver\Screensaver.cpp(246,39): warning C4305: '=': 'double'에서 'float'(으)로 잘립니다.
\\pub.mme.dongguk.edu\home\s2019112540\Desktop\OpenGL-Fireworks-Display-master\Screensaver\Screensaver\Screensaver.cpp(251,19): warning C4244: '초기화 중': 'double'에서 'float'(으)로 변환하면서 데이터가 손실될 수 있습니다.
  Texture.cpp
  TGALoader
  코드를 생성하고 있습니다...
  Screensaver.vcxproj -> \\pub.mme.dongguk.edu\home\s2019112540\Desktop\OpenGL-Fireworks-Display-master\Screensaver\x64\Debug\Screensaver.exe
